\BOOKMARK [0][-]{chapter*.5}{\376\377\000C\000o\000n\000t\000e\000n\000t\000s}{}% 1
\BOOKMARK [0][-]{chapter*.6}{\376\377\000L\000i\000s\000t\000\040\000o\000f\000\040\000F\000i\000g\000u\000r\000e\000s}{}% 2
\BOOKMARK [0][-]{chapter*.7}{\376\377\000L\000i\000s\000t\000\040\000o\000f\000\040\000T\000a\000b\000l\000e\000s}{}% 3
\BOOKMARK [0][-]{chapter.1}{\376\377\000I\000n\000t\000r\000o\000d\000u\000c\000t\000i\000o\000n}{}% 4
\BOOKMARK [1][-]{section.1.1}{\376\377\000C\000o\000n\000t\000e\000x\000t\000\040\000a\000n\000d\000\040\000M\000o\000t\000i\000v\000a\000t\000i\000o\000n}{chapter.1}% 5
\BOOKMARK [1][-]{section.1.2}{\376\377\000P\000r\000o\000b\000l\000e\000m\000\040\000S\000t\000a\000t\000e\000m\000e\000n\000t}{chapter.1}% 6
\BOOKMARK [1][-]{section.1.3}{\376\377\000O\000b\000j\000e\000c\000t\000i\000v\000e\000s}{chapter.1}% 7
\BOOKMARK [1][-]{section.1.4}{\376\377\000S\000u\000p\000e\000r\000v\000i\000s\000o\000r\000s}{chapter.1}% 8
\BOOKMARK [1][-]{section.1.5}{\376\377\000R\000e\000p\000o\000r\000t\000\040\000S\000t\000r\000u\000c\000t\000u\000r\000e}{chapter.1}% 9
\BOOKMARK [0][-]{chapter.2}{\376\377\000B\000a\000c\000k\000g\000r\000o\000u\000n\000d\000\040\000a\000n\000d\000\040\000S\000t\000a\000t\000e\000\040\000o\000f\000\040\000t\000h\000e\000\040\000A\000r\000t}{}% 10
\BOOKMARK [1][-]{section.2.1}{\376\377\000E\000-\000L\000e\000a\000r\000n\000i\000n\000g\000\040\000P\000l\000a\000t\000f\000o\000r\000m\000s}{chapter.2}% 11
\BOOKMARK [1][-]{section.2.2}{\376\377\000G\000a\000m\000i\000f\000i\000c\000a\000t\000i\000o\000n\000\040\000i\000n\000\040\000E\000d\000u\000c\000a\000t\000i\000o\000n}{chapter.2}% 12
\BOOKMARK [1][-]{section.2.3}{\376\377\000A\000d\000a\000p\000t\000i\000v\000e\000\040\000L\000e\000a\000r\000n\000i\000n\000g\000\040\000a\000n\000d\000\040\000F\000l\000o\000w\000\040\000S\000t\000a\000t\000e}{chapter.2}% 13
\BOOKMARK [1][-]{section.2.4}{\376\377\000G\000e\000n\000e\000r\000a\000t\000i\000v\000e\000\040\000A\000I\000\040\000a\000n\000d\000\040\000R\000e\000t\000r\000i\000e\000v\000a\000l\000-\000A\000u\000g\000m\000e\000n\000t\000e\000d\000\040\000G\000e\000n\000e\000r\000a\000t\000i\000o\000n}{chapter.2}% 14
\BOOKMARK [1][-]{section.2.5}{\376\377\000P\000e\000e\000r\000\040\000R\000e\000v\000i\000e\000w\000\040\000a\000s\000\040\000a\000n\000\040\000A\000s\000s\000e\000s\000s\000m\000e\000n\000t\000\040\000M\000e\000c\000h\000a\000n\000i\000s\000m}{chapter.2}% 15
\BOOKMARK [1][-]{section.2.6}{\376\377\000S\000u\000s\000t\000a\000i\000n\000a\000b\000i\000l\000i\000t\000y\000\040\000E\000d\000u\000c\000a\000t\000i\000o\000n\000\040\000a\000n\000d\000\040\000t\000h\000e\000\040\000U\000N\000\040\000S\000D\000G\000s}{chapter.2}% 16
\BOOKMARK [1][-]{section.2.7}{\376\377\000P\000a\000s\000s\000w\000o\000r\000d\000l\000e\000s\000s\000\040\000A\000u\000t\000h\000e\000n\000t\000i\000c\000a\000t\000i\000o\000n}{chapter.2}% 17
\BOOKMARK [1][-]{section.2.8}{\376\377\000C\000r\000o\000s\000s\000-\000P\000l\000a\000t\000f\000o\000r\000m\000\040\000M\000o\000b\000i\000l\000e\000\040\000D\000e\000v\000e\000l\000o\000p\000m\000e\000n\000t}{chapter.2}% 18
\BOOKMARK [1][-]{section.2.9}{\376\377\000T\000y\000p\000e\000d\000\040\000E\000r\000r\000o\000r\000\040\000H\000a\000n\000d\000l\000i\000n\000g\000:\000\040\000R\000a\000i\000l\000w\000a\000y\000\040\000O\000r\000i\000e\000n\000t\000e\000d\000\040\000P\000r\000o\000g\000r\000a\000m\000m\000i\000n\000g}{chapter.2}% 19
\BOOKMARK [1][-]{section.2.10}{\376\377\000B\000a\000c\000k\000e\000n\000d\000\040\000T\000e\000c\000h\000n\000o\000l\000o\000g\000i\000e\000s}{chapter.2}% 20
\BOOKMARK [1][-]{section.2.11}{\376\377\000A\000r\000c\000h\000i\000t\000e\000c\000t\000u\000r\000a\000l\000\040\000P\000a\000t\000t\000e\000r\000n\000s}{chapter.2}% 21
\BOOKMARK [2][-]{subsection.2.11.1}{\376\377\000D\000o\000m\000a\000i\000n\000-\000D\000r\000i\000v\000e\000n\000\040\000D\000e\000s\000i\000g\000n}{section.2.11}% 22
\BOOKMARK [2][-]{subsection.2.11.2}{\376\377\000H\000e\000x\000a\000g\000o\000n\000a\000l\000\040\000A\000r\000c\000h\000i\000t\000e\000c\000t\000u\000r\000e}{section.2.11}% 23
\BOOKMARK [2][-]{subsection.2.11.3}{\376\377\000C\000l\000e\000a\000n\000\040\000A\000r\000c\000h\000i\000t\000e\000c\000t\000u\000r\000e}{section.2.11}% 24
\BOOKMARK [1][-]{section.2.12}{\376\377\000O\000b\000s\000e\000r\000v\000a\000b\000i\000l\000i\000t\000y\000:\000\040\000M\000e\000t\000r\000i\000c\000s\000\040\000a\000n\000d\000\040\000M\000o\000n\000i\000t\000o\000r\000i\000n\000g}{chapter.2}% 25
\BOOKMARK [1][-]{section.2.13}{\376\377\000R\000e\000l\000a\000t\000e\000d\000\040\000W\000o\000r\000k\000\040\000a\000n\000d\000\040\000G\000a\000p\000\040\000A\000n\000a\000l\000y\000s\000i\000s}{chapter.2}% 26
\BOOKMARK [0][-]{chapter.3}{\376\377\000P\000l\000a\000y\0004\000C\000h\000a\000n\000g\000e\000\040\000P\000l\000a\000t\000f\000o\000r\000m}{}% 27
\BOOKMARK [1][-]{section.3.1}{\376\377\000V\000i\000s\000i\000o\000n\000\040\000a\000n\000d\000\040\000V\000a\000l\000u\000e\000\040\000P\000r\000o\000p\000o\000s\000i\000t\000i\000o\000n}{chapter.3}% 28
\BOOKMARK [1][-]{section.3.2}{\376\377\000C\000o\000r\000e\000\040\000F\000e\000a\000t\000u\000r\000e\000s}{chapter.3}% 29
\BOOKMARK [2][-]{subsection.3.2.1}{\376\377\000A\000I\000-\000G\000e\000n\000e\000r\000a\000t\000e\000d\000\040\000C\000o\000n\000t\000e\000n\000t}{section.3.2}% 30
\BOOKMARK [2][-]{subsection.3.2.2}{\376\377\000A\000d\000a\000p\000t\000i\000v\000e\000\040\000L\000e\000a\000r\000n\000i\000n\000g}{section.3.2}% 31
\BOOKMARK [2][-]{subsection.3.2.3}{\376\377\000G\000a\000m\000i\000f\000i\000c\000a\000t\000i\000o\000n\000\040\000a\000n\000d\000\040\000P\000e\000e\000r\000\040\000R\000e\000v\000i\000e\000w}{section.3.2}% 32
\BOOKMARK [2][-]{subsection.3.2.4}{\376\377\000S\000u\000s\000t\000a\000i\000n\000a\000b\000i\000l\000i\000t\000y\000\040\000F\000o\000c\000u\000s}{section.3.2}% 33
\BOOKMARK [1][-]{section.3.3}{\376\377\000U\000s\000e\000r\000\040\000R\000o\000l\000e\000s}{chapter.3}% 34
\BOOKMARK [1][-]{section.3.4}{\376\377\000T\000h\000e\000\040\000F\000o\000u\000r\000-\000S\000t\000e\000p\000\040\000L\000e\000a\000r\000n\000i\000n\000g\000\040\000J\000o\000u\000r\000n\000e\000y}{chapter.3}% 35
\BOOKMARK [1][-]{section.3.5}{\376\377\000L\000a\000n\000d\000i\000n\000g\000\040\000P\000a\000g\000e\000\040\000a\000n\000d\000\040\000A\000d\000m\000i\000n\000i\000s\000t\000r\000a\000t\000i\000o\000n}{chapter.3}% 36
\BOOKMARK [1][-]{section.3.6}{\376\377\000P\000l\000a\000t\000f\000o\000r\000m\000\040\000C\000o\000n\000s\000t\000r\000a\000i\000n\000t\000s\000\040\000a\000n\000d\000\040\000D\000e\000s\000i\000g\000n\000\040\000P\000h\000i\000l\000o\000s\000o\000p\000h\000y}{chapter.3}% 37
\BOOKMARK [0][-]{chapter.4}{\376\377\000S\000y\000s\000t\000e\000m\000\040\000A\000r\000c\000h\000i\000t\000e\000c\000t\000u\000r\000e}{}% 38
\BOOKMARK [1][-]{section.4.1}{\376\377\000O\000v\000e\000r\000v\000i\000e\000w}{chapter.4}% 39
\BOOKMARK [1][-]{section.4.2}{\376\377\000A\000r\000c\000h\000i\000t\000e\000c\000t\000u\000r\000a\000l\000\040\000P\000r\000i\000n\000c\000i\000p\000l\000e\000s}{chapter.4}% 40
\BOOKMARK [2][-]{subsection.4.2.1}{\376\377\000D\000o\000m\000a\000i\000n\000-\000D\000r\000i\000v\000e\000n\000\040\000D\000e\000s\000i\000g\000n\000\040\040\024\000\040\000B\000o\000u\000n\000d\000e\000d\000\040\000C\000o\000n\000t\000e\000x\000t\000s}{section.4.2}% 41
\BOOKMARK [2][-]{subsection.4.2.2}{\376\377\000H\000e\000x\000a\000g\000o\000n\000a\000l\000\040\000A\000r\000c\000h\000i\000t\000e\000c\000t\000u\000r\000e\000\040\040\024\000\040\000P\000o\000r\000t\000s\000\040\000a\000n\000d\000\040\000A\000d\000a\000p\000t\000e\000r\000s}{section.4.2}% 42
\BOOKMARK [2][-]{subsection.4.2.3}{\376\377\000C\000l\000e\000a\000n\000\040\000A\000r\000c\000h\000i\000t\000e\000c\000t\000u\000r\000e\000\040\000L\000a\000y\000e\000r\000i\000n\000g}{section.4.2}% 43
\BOOKMARK [2][-]{subsection.4.2.4}{\376\377\000T\000y\000p\000e\000d\000\040\000E\000r\000r\000o\000r\000\040\000H\000a\000n\000d\000l\000i\000n\000g\000\040\040\024\000\040\000R\000a\000i\000l\000w\000a\000y\000\040\000O\000r\000i\000e\000n\000t\000e\000d\000\040\000P\000r\000o\000g\000r\000a\000m\000m\000i\000n\000g}{section.4.2}% 44
\BOOKMARK [1][-]{section.4.3}{\376\377\000S\000h\000a\000r\000e\000d\000\040\000K\000o\000t\000l\000i\000n\000\040\000M\000o\000d\000u\000l\000e}{chapter.4}% 45
\BOOKMARK [1][-]{section.4.4}{\376\377\000M\000o\000b\000i\000l\000e\000\040\000C\000l\000i\000e\000n\000t\000\040\040\024\000\040\000K\000o\000t\000l\000i\000n\000\040\000M\000u\000l\000t\000i\000p\000l\000a\000t\000f\000o\000r\000m}{chapter.4}% 46
\BOOKMARK [2][-]{subsection.4.4.1}{\376\377\000A\000r\000c\000h\000i\000t\000e\000c\000t\000u\000r\000e\000:\000\040\000M\000V\000I\000\040\000w\000i\000t\000h\000\040\000B\000a\000s\000e\000C\000o\000m\000p\000o\000n\000e\000n\000t}{section.4.4}% 47
\BOOKMARK [2][-]{subsection.4.4.2}{\376\377\000N\000a\000v\000i\000g\000a\000t\000i\000o\000n\000\040\000w\000i\000t\000h\000\040\000D\000e\000c\000o\000m\000p\000o\000s\000e}{section.4.4}% 48
\BOOKMARK [2][-]{subsection.4.4.3}{\376\377\000F\000e\000a\000t\000u\000r\000e\000\040\000S\000l\000i\000c\000e\000s\000\040\040\024\000\040\000D\000o\000m\000a\000i\000n\000-\000D\000r\000i\000v\000e\000n\000\040\000C\000o\000d\000e\000\040\000O\000r\000g\000a\000n\000i\000s\000a\000t\000i\000o\000n}{section.4.4}% 49
\BOOKMARK [2][-]{subsection.4.4.4}{\376\377\000D\000e\000p\000e\000n\000d\000e\000n\000c\000y\000\040\000I\000n\000j\000e\000c\000t\000i\000o\000n\000:\000\040\000K\000o\000i\000n}{section.4.4}% 50
\BOOKMARK [2][-]{subsection.4.4.5}{\376\377\000D\000a\000t\000a\000\040\000a\000n\000d\000\040\000N\000e\000t\000w\000o\000r\000k\000\040\000L\000a\000y\000e\000r}{section.4.4}% 51
\BOOKMARK [2][-]{subsection.4.4.6}{\376\377\000I\000n\000t\000e\000r\000n\000a\000t\000i\000o\000n\000a\000l\000i\000s\000a\000t\000i\000o\000n}{section.4.4}% 52
\BOOKMARK [1][-]{section.4.5}{\376\377\000B\000a\000c\000k\000e\000n\000d\000\040\040\024\000\040\000S\000p\000r\000i\000n\000g\000\040\000B\000o\000o\000t\000\040\000w\000i\000t\000h\000\040\000K\000o\000t\000l\000i\000n}{chapter.4}% 53
\BOOKMARK [2][-]{subsection.4.5.1}{\376\377\000T\000e\000c\000h\000n\000o\000l\000o\000g\000y\000\040\000S\000t\000a\000c\000k}{section.4.5}% 54
\BOOKMARK [2][-]{subsection.4.5.2}{\376\377\000A\000P\000I\000\040\000D\000e\000s\000i\000g\000n}{section.4.5}% 55
\BOOKMARK [2][-]{subsection.4.5.3}{\376\377\000D\000o\000c\000k\000e\000r\000\040\000a\000n\000d\000\040\000C\000o\000n\000t\000a\000i\000n\000e\000r\000i\000z\000a\000t\000i\000o\000n}{section.4.5}% 56
\BOOKMARK [1][-]{section.4.6}{\376\377\000A\000I\000\040\000C\000o\000n\000t\000e\000n\000t\000\040\000P\000i\000p\000e\000l\000i\000n\000e}{chapter.4}% 57
\BOOKMARK [2][-]{subsection.4.6.1}{\376\377\000M\000o\000d\000u\000l\000e\000\040\000B\000o\000u\000n\000d\000a\000r\000y\000:\000\040\000P\000r\000o\000v\000i\000d\000e\000r\000\040\000P\000a\000t\000t\000e\000r\000n}{section.4.6}% 58
\BOOKMARK [2][-]{subsection.4.6.2}{\376\377\000B\000a\000t\000c\000h\000\040\000G\000e\000n\000e\000r\000a\000t\000i\000o\000n\000\040\040\024\000\040\000F\000i\000x\000e\000d\000\040\000L\000e\000a\000r\000n\000i\000n\000g\000\040\000P\000a\000t\000h}{section.4.6}% 59
\BOOKMARK [2][-]{subsection.4.6.3}{\376\377\000O\000n\000-\000D\000e\000m\000a\000n\000d\000\040\000G\000e\000n\000e\000r\000a\000t\000i\000o\000n\000\040\040\024\000\040\000A\000d\000a\000p\000t\000i\000v\000e\000\040\000B\000r\000a\000n\000c\000h\000e\000s}{section.4.6}% 60
\BOOKMARK [2][-]{subsection.4.6.4}{\376\377\000G\000r\000a\000c\000e\000f\000u\000l\000\040\000D\000e\000g\000r\000a\000d\000a\000t\000i\000o\000n}{section.4.6}% 61
\BOOKMARK [2][-]{subsection.4.6.5}{\376\377\000C\000o\000n\000t\000e\000n\000t\000\040\000E\000x\000t\000r\000a\000c\000t\000i\000o\000n}{section.4.6}% 62
\BOOKMARK [1][-]{section.4.7}{\376\377\000S\000e\000c\000u\000r\000i\000t\000y\000\040\000D\000e\000s\000i\000g\000n}{chapter.4}% 63
\BOOKMARK [2][-]{subsection.4.7.1}{\376\377\000P\000a\000s\000s\000w\000o\000r\000d\000l\000e\000s\000s\000\040\000A\000u\000t\000h\000e\000n\000t\000i\000c\000a\000t\000i\000o\000n\000\040\040\024\000\040\000M\000a\000g\000i\000c\000\040\000L\000i\000n\000k\000\040\000+\000\040\000O\000A\000u\000t\000h\000\040\0002\000.\0000}{section.4.7}% 64
\BOOKMARK [2][-]{subsection.4.7.2}{\376\377\000R\000o\000l\000e\000-\000B\000a\000s\000e\000d\000\040\000A\000c\000c\000e\000s\000s\000\040\000C\000o\000n\000t\000r\000o\000l}{section.4.7}% 65
\BOOKMARK [2][-]{subsection.4.7.3}{\376\377\000M\000i\000n\000i\000m\000a\000l\000\040\000D\000a\000t\000a\000\040\000R\000e\000t\000e\000n\000t\000i\000o\000n}{section.4.7}% 66
\BOOKMARK [1][-]{section.4.8}{\376\377\000L\000e\000a\000r\000n\000i\000n\000g\000\040\000F\000l\000o\000w\000\040\000a\000n\000d\000\040\000D\000a\000y\000\040\000P\000r\000o\000g\000r\000e\000s\000s\000i\000o\000n}{chapter.4}% 67
\BOOKMARK [2][-]{subsection.4.8.1}{\376\377\000T\000i\000m\000e\000z\000o\000n\000e\000-\000A\000w\000a\000r\000e\000\040\000D\000a\000y\000\040\000I\000n\000d\000e\000x}{section.4.8}% 68
\BOOKMARK [2][-]{subsection.4.8.2}{\376\377\000S\000t\000r\000u\000g\000g\000l\000e\000\040\000D\000e\000t\000e\000c\000t\000i\000o\000n\000\040\000a\000n\000d\000\040\000A\000d\000a\000p\000t\000i\000v\000e\000\040\000B\000r\000a\000n\000c\000h\000i\000n\000g}{section.4.8}% 69
\BOOKMARK [1][-]{section.4.9}{\376\377\000C\000a\000c\000h\000i\000n\000g\000\040\000S\000t\000r\000a\000t\000e\000g\000y}{chapter.4}% 70
\BOOKMARK [1][-]{section.4.10}{\376\377\000O\000b\000s\000e\000r\000v\000a\000b\000i\000l\000i\000t\000y}{chapter.4}% 71
\BOOKMARK [1][-]{section.4.11}{\376\377\000I\000n\000f\000r\000a\000s\000t\000r\000u\000c\000t\000u\000r\000e\000\040\000a\000n\000d\000\040\000S\000c\000a\000l\000a\000b\000i\000l\000i\000t\000y}{chapter.4}% 72
\BOOKMARK [2][-]{subsection.4.11.1}{\376\377\000D\000e\000p\000l\000o\000y\000m\000e\000n\000t\000:\000\040\000D\000o\000c\000k\000e\000r\000\040\000C\000o\000m\000p\000o\000s\000e}{section.4.11}% 73
\BOOKMARK [2][-]{subsection.4.11.2}{\376\377\000K\000u\000b\000e\000r\000n\000e\000t\000e\000s\000\040\000R\000e\000a\000d\000i\000n\000e\000s\000s}{section.4.11}% 74
\BOOKMARK [1][-]{section.4.12}{\376\377\000C\000I\000/\000C\000D\000\040\000P\000i\000p\000e\000l\000i\000n\000e}{chapter.4}% 75
\BOOKMARK [1][-]{section.4.13}{\376\377\000T\000e\000s\000t\000i\000n\000g\000\040\000S\000t\000r\000a\000t\000e\000g\000y}{chapter.4}% 76
\BOOKMARK [0][-]{chapter.5}{\376\377\000I\000m\000p\000l\000e\000m\000e\000n\000t\000a\000t\000i\000o\000n\000\040\000a\000n\000d\000\040\000C\000u\000r\000r\000e\000n\000t\000\040\000S\000t\000a\000t\000e}{}% 77
\BOOKMARK [1][-]{section.5.1}{\376\377\000D\000e\000v\000e\000l\000o\000p\000m\000e\000n\000t\000\040\000S\000t\000a\000t\000u\000s}{chapter.5}% 78
\BOOKMARK [1][-]{section.5.2}{\376\377\000K\000e\000y\000\040\000I\000m\000p\000l\000e\000m\000e\000n\000t\000a\000t\000i\000o\000n\000\040\000D\000e\000c\000i\000s\000i\000o\000n\000s}{chapter.5}% 79
\BOOKMARK [2][-]{subsection.5.2.1}{\376\377\000T\000y\000p\000e\000\040\000S\000a\000f\000e\000t\000y\000\040\000A\000c\000r\000o\000s\000s\000\040\000t\000h\000e\000\040\000S\000y\000s\000t\000e\000m\000\040\000B\000o\000u\000n\000d\000a\000r\000y}{section.5.2}% 80
\BOOKMARK [2][-]{subsection.5.2.2}{\376\377\000A\000r\000r\000o\000w\000\040\000E\000i\000t\000h\000e\000r\000\040\040\024\000\040\000R\000a\000i\000l\000w\000a\000y\000\040\000O\000r\000i\000e\000n\000t\000e\000d\000\040\000P\000r\000o\000g\000r\000a\000m\000m\000i\000n\000g}{section.5.2}% 81
\BOOKMARK [2][-]{subsection.5.2.3}{\376\377\000P\000a\000s\000s\000w\000o\000r\000d\000l\000e\000s\000s\000\040\000A\000u\000t\000h\000\040\000H\000a\000r\000d\000e\000n\000i\000n\000g}{section.5.2}% 82
\BOOKMARK [2][-]{subsection.5.2.4}{\376\377\000p\000g\000v\000e\000c\000t\000o\000r\000\040\000f\000o\000r\000\040\000C\000o\000n\000t\000e\000n\000t\000\040\000D\000e\000d\000u\000p\000l\000i\000c\000a\000t\000i\000o\000n\000\040\000a\000n\000d\000\040\000S\000t\000r\000u\000g\000g\000l\000e\000\040\000R\000e\000u\000s\000e}{section.5.2}% 83
\BOOKMARK [2][-]{subsection.5.2.5}{\376\377\000P\000e\000e\000r\000\040\000R\000e\000v\000i\000e\000w\000\040\040\024\000\040\000T\000h\000r\000e\000e\000-\000V\000e\000r\000d\000i\000c\000t\000\040\000M\000a\000j\000o\000r\000i\000t\000y}{section.5.2}% 84
\BOOKMARK [2][-]{subsection.5.2.6}{\376\377\000A\000d\000a\000p\000t\000i\000v\000e\000\040\000D\000a\000y\000\040\000P\000r\000o\000g\000r\000e\000s\000s\000i\000o\000n}{section.5.2}% 85
\BOOKMARK [1][-]{section.5.3}{\376\377\000E\000n\000c\000o\000u\000n\000t\000e\000r\000e\000d\000\040\000C\000h\000a\000l\000l\000e\000n\000g\000e\000s}{chapter.5}% 86
\BOOKMARK [2][-]{subsection.5.3.1}{\376\377\000P\000D\000F\000B\000o\000x\000\040\0003\000.\000x\000\040\000B\000r\000e\000a\000k\000i\000n\000g\000\040\000A\000P\000I\000\040\000C\000h\000a\000n\000g\000e}{section.5.3}% 87
\BOOKMARK [2][-]{subsection.5.3.2}{\376\377\000M\000i\000s\000t\000r\000a\000l\000\040\000P\000r\000o\000m\000p\000t\000\040\000E\000n\000g\000i\000n\000e\000e\000r\000i\000n\000g}{section.5.3}% 88
\BOOKMARK [2][-]{subsection.5.3.3}{\376\377\000K\000M\000P\000/\000i\000O\000S\000\040\000M\000e\000m\000o\000r\000y\000\040\000M\000o\000d\000e\000l}{section.5.3}% 89
\BOOKMARK [2][-]{subsection.5.3.4}{\376\377\000K\000n\000o\000w\000n\000\040\000G\000a\000p\000s\000\040\000\050\000D\000o\000c\000u\000m\000e\000n\000t\000e\000d\000\040\000i\000n\000\040\000A\000D\000R\000-\0000\0000\0007\000\051}{section.5.3}% 90
\BOOKMARK [1][-]{section.5.4}{\376\377\000P\000r\000o\000j\000e\000c\000t\000\040\000R\000e\000p\000o\000s\000i\000t\000o\000r\000y\000\040\000S\000t\000r\000u\000c\000t\000u\000r\000e}{chapter.5}% 91
\BOOKMARK [0][-]{chapter.6}{\376\377\000C\000o\000n\000c\000l\000u\000s\000i\000o\000n\000\040\000a\000n\000d\000\040\000F\000u\000t\000u\000r\000e\000\040\000W\000o\000r\000k}{}% 92
\BOOKMARK [1][-]{section.6.1}{\376\377\000S\000u\000m\000m\000a\000r\000y\000\040\000o\000f\000\040\000C\000o\000n\000t\000r\000i\000b\000u\000t\000i\000o\000n\000s}{chapter.6}% 93
\BOOKMARK [1][-]{section.6.2}{\376\377\000C\000u\000r\000r\000e\000n\000t\000\040\000L\000i\000m\000i\000t\000a\000t\000i\000o\000n\000s}{chapter.6}% 94
\BOOKMARK [1][-]{section.6.3}{\376\377\000F\000u\000t\000u\000r\000e\000\040\000W\000o\000r\000k}{chapter.6}% 95
\BOOKMARK [2][-]{subsection.6.3.1}{\376\377\000K\000u\000b\000e\000r\000n\000e\000t\000e\000s\000\040\000D\000e\000p\000l\000o\000y\000m\000e\000n\000t}{section.6.3}% 96
\BOOKMARK [2][-]{subsection.6.3.2}{\376\377\000C\000D\000N\000\040\000I\000n\000t\000e\000g\000r\000a\000t\000i\000o\000n}{section.6.3}% 97
\BOOKMARK [2][-]{subsection.6.3.3}{\376\377\000G\000a\000m\000i\000f\000i\000c\000a\000t\000i\000o\000n\000\040\000C\000o\000m\000p\000l\000e\000t\000i\000o\000n}{section.6.3}% 98
\BOOKMARK [2][-]{subsection.6.3.4}{\376\377\000A\000d\000v\000a\000n\000c\000e\000d\000\040\000A\000n\000a\000l\000y\000t\000i\000c\000s\000\040\000a\000n\000d\000\040\000R\000e\000p\000o\000r\000t\000i\000n\000g}{section.6.3}% 99
\BOOKMARK [2][-]{subsection.6.3.5}{\376\377\000R\000i\000c\000h\000e\000r\000\040\000A\000d\000a\000p\000t\000i\000v\000e\000\040\000M\000o\000d\000e\000l}{section.6.3}% 100
\BOOKMARK [2][-]{subsection.6.3.6}{\376\377\000I\000n\000t\000e\000r\000n\000a\000t\000i\000o\000n\000a\000l\000i\000z\000a\000t\000i\000o\000n\000\040\000E\000x\000t\000e\000n\000s\000i\000o\000n}{section.6.3}% 101
\BOOKMARK [2][-]{subsection.6.3.7}{\376\377\000C\000o\000m\000m\000u\000n\000i\000t\000y\000\040\000a\000n\000d\000\040\000S\000o\000c\000i\000a\000l\000\040\000F\000e\000a\000t\000u\000r\000e\000s}{section.6.3}% 102
\BOOKMARK [2][-]{subsection.6.3.8}{\376\377\000A\000p\000p\000l\000e\000\040\000S\000i\000g\000n\000-\000I\000n\000\040\000a\000n\000d\000\040\000A\000d\000d\000i\000t\000i\000o\000n\000a\000l\000\040\000O\000A\000u\000t\000h\000\040\000P\000r\000o\000v\000i\000d\000e\000r\000s}{section.6.3}% 103
\BOOKMARK [1][-]{section.6.4}{\376\377\000C\000o\000n\000c\000l\000u\000s\000i\000o\000n}{chapter.6}% 104
\BOOKMARK [0][-]{chapter*.16}{\376\377\000R\000e\000f\000e\000r\000e\000n\000c\000e\000s}{}% 105
\BOOKMARK [0][-]{appendix.A}{\376\377\000A\000r\000c\000h\000i\000t\000e\000c\000t\000u\000r\000e\000\040\000D\000i\000a\000g\000r\000a\000m\000s\000\040\000a\000n\000d\000\040\000S\000u\000p\000p\000l\000e\000m\000e\000n\000t\000a\000r\000y\000\040\000M\000a\000t\000e\000r\000i\000a\000l}{}% 106
\BOOKMARK [1][-]{section.A.1}{\376\377\000C\000o\000m\000p\000l\000e\000t\000e\000\040\000T\000e\000c\000h\000n\000o\000l\000o\000g\000y\000\040\000S\000t\000a\000c\000k}{appendix.A}% 107
\BOOKMARK [1][-]{section.A.2}{\376\377\000S\000y\000s\000t\000e\000m\000\040\000C\000o\000m\000p\000o\000n\000e\000n\000t\000\040\000D\000i\000a\000g\000r\000a\000m}{appendix.A}% 108
\BOOKMARK [1][-]{section.A.3}{\376\377\000D\000o\000m\000a\000i\000n\000\040\000M\000o\000d\000e\000l}{appendix.A}% 109
\BOOKMARK [1][-]{section.A.4}{\376\377\000A\000I\000\040\000P\000i\000p\000e\000l\000i\000n\000e\000\040\000S\000e\000q\000u\000e\000n\000c\000e\000\040\000D\000i\000a\000g\000r\000a\000m}{appendix.A}% 110
\BOOKMARK [1][-]{section.A.5}{\376\377\000D\000a\000t\000a\000b\000a\000s\000e\000\040\000S\000c\000h\000e\000m\000a\000\040\000\050\000E\000R\000D\000\051}{appendix.A}% 111
\BOOKMARK [1][-]{section.A.6}{\376\377\000G\000r\000a\000f\000a\000n\000a\000\040\000D\000a\000s\000h\000b\000o\000a\000r\000d\000\040\000P\000a\000n\000e\000l\000s}{appendix.A}% 112
\BOOKMARK [0][-]{appendix.B}{\376\377\000A\000r\000c\000h\000i\000t\000e\000c\000t\000u\000r\000e\000\040\000D\000e\000c\000i\000s\000i\000o\000n\000\040\000R\000e\000c\000o\000r\000d\000s}{}% 113
\BOOKMARK [1][-]{section.B.1}{\376\377\000A\000D\000R\000\040\000R\000e\000g\000i\000s\000t\000r\000y}{appendix.B}% 114
\BOOKMARK [1][-]{section.B.2}{\376\377\000A\000D\000R\000-\0000\0000\0001\000\040\040\024\000\040\000R\000e\000s\000u\000l\000t\000\040\000T\000y\000p\000e\000:\000\040\000C\000u\000s\000t\000o\000m\000\040\000I\000m\000p\000l\000e\000m\000e\000n\000t\000a\000t\000i\000o\000n\000\040\041\222\000\040\000A\000r\000r\000o\000w\000\040\000E\000i\000t\000h\000e\000r}{appendix.B}% 115
\BOOKMARK [1][-]{section.B.3}{\376\377\000A\000D\000R\000-\0000\0000\0002\000\040\040\024\000\040\000C\000o\000m\000m\000u\000n\000i\000c\000a\000t\000i\000o\000n\000\040\000A\000r\000c\000h\000i\000t\000e\000c\000t\000u\000r\000e\000:\000\040\000H\000y\000b\000r\000i\000d\000\040\000R\000E\000S\000T\000\040\000+\000\040\000g\000R\000P\000C}{appendix.B}% 116
\BOOKMARK [1][-]{section.B.4}{\376\377\000A\000D\000R\000-\0000\0000\0003\000\040\040\024\000\040\000A\000I\000\040\000C\000o\000n\000t\000e\000n\000t\000\040\000G\000e\000n\000e\000r\000a\000t\000i\000o\000n\000:\000\040\000B\000a\000t\000c\000h\000\040\000v\000s\000\040\000O\000n\000-\000D\000e\000m\000a\000n\000d}{appendix.B}% 117
\BOOKMARK [1][-]{section.B.5}{\376\377\000A\000D\000R\000-\0000\0000\0004\000\040\040\024\000\040\000I\000n\000t\000e\000r\000n\000a\000t\000i\000o\000n\000a\000l\000i\000s\000a\000t\000i\000o\000n\000\040\000S\000t\000r\000a\000t\000e\000g\000y\000:\000\040\000H\000y\000b\000r\000i\000d\000\040\000S\000e\000r\000v\000e\000r\000\040\000+\000\040\000C\000l\000i\000e\000n\000t}{appendix.B}% 118
\BOOKMARK [1][-]{section.B.6}{\376\377\000A\000D\000R\000-\0000\0000\0005\000\040\040\024\000\040\000A\000d\000a\000p\000t\000i\000v\000e\000\040\000L\000e\000a\000r\000n\000i\000n\000g\000\040\000P\000a\000t\000h\000\040\000A\000r\000c\000h\000i\000t\000e\000c\000t\000u\000r\000e}{appendix.B}% 119
\BOOKMARK [1][-]{section.B.7}{\376\377\000A\000D\000R\000-\0000\0000\0006\000\040\040\024\000\040\000A\000I\000\040\000A\000g\000e\000n\000t\000:\000\040\000g\000R\000P\000C\000\040\000S\000e\000r\000v\000i\000c\000e\000\040\041\222\000\040\000G\000r\000a\000d\000l\000e\000\040\000M\000o\000d\000u\000l\000e\000\040\000B\000o\000u\000n\000d\000a\000r\000y}{appendix.B}% 120
\BOOKMARK [1][-]{section.B.8}{\376\377\000A\000D\000R\000-\0000\0000\0007\000\040\040\024\000\040\000A\000I\000\040\000C\000o\000n\000t\000e\000n\000t\000\040\000G\000e\000n\000e\000r\000a\000t\000i\000o\000n\000\040\000P\000i\000p\000e\000l\000i\000n\000e}{appendix.B}% 121
\BOOKMARK [1][-]{section.B.9}{\376\377\000A\000D\000R\000-\0000\0000\0008\000\040\040\024\000\040\000C\000l\000i\000e\000n\000t\000\040\000A\000r\000c\000h\000i\000t\000e\000c\000t\000u\000r\000e\000:\000\040\000D\000e\000c\000o\000m\000p\000o\000s\000e\000\040\000+\000\040\000M\000V\000I\000\040\000+\000\040\000D\000D\000D\000\040\000F\000e\000a\000t\000u\000r\000e\000\040\000S\000l\000i\000c\000e\000s}{appendix.B}% 122
\BOOKMARK [1][-]{section.B.10}{\376\377\000A\000D\000R\000-\0000\0000\0009\000\040\040\024\000\040\000D\000e\000p\000l\000o\000y\000m\000e\000n\000t\000:\000\040\000D\000o\000c\000k\000e\000r\000\040\000C\000o\000m\000p\000o\000s\000e\000\040\000o\000v\000e\000r\000\040\000K\000u\000b\000e\000r\000n\000e\000t\000e\000s\000\040\000+\000\040\000A\000W\000S}{appendix.B}% 123
\BOOKMARK [1][-]{section.B.11}{\376\377\000A\000D\000R\000-\0000\0001\0000\000\040\040\024\000\040\000B\000a\000s\000e\000V\000i\000e\000w\000\040\000S\000c\000a\000f\000f\000o\000l\000d\000:\000\040\000E\000d\000g\000e\000-\000t\000o\000-\000E\000d\000g\000e\000\040\000I\000n\000s\000e\000t\000s\000\040\000+\000\040\000N\000a\000v\000i\000g\000a\000t\000i\000o\000n\000\040\000D\000r\000a\000w\000e\000r}{appendix.B}% 124
\BOOKMARK [1][-]{section.B.12}{\376\377\000A\000D\000R\000-\0000\0001\0001\000\040\040\024\000\040\000P\000a\000s\000s\000w\000o\000r\000d\000l\000e\000s\000s\000\040\000A\000u\000t\000h\000e\000n\000t\000i\000c\000a\000t\000i\000o\000n\000:\000\040\000M\000a\000g\000i\000c\000\040\000L\000i\000n\000k\000\040\000+\000\040\000O\000A\000u\000t\000h\000\040\0002\000.\0000}{appendix.B}% 125
\BOOKMARK [1][-]{section.B.13}{\376\377\000A\000D\000R\000-\0000\0001\0002\000\040\040\024\000\040\000T\000o\000p\000i\000c\000\040\000C\000o\000n\000t\000e\000n\000t\000\040\000P\000i\000p\000e\000l\000i\000n\000e\000:\000\040\000A\000s\000y\000n\000c\000\040\000G\000e\000n\000e\000r\000a\000t\000i\000o\000n\000,\000\040\000M\000i\000n\000I\000O\000,\000\040\000E\000x\000t\000r\000a\000c\000t\000i\000o\000n}{appendix.B}% 126
\BOOKMARK [1][-]{section.B.14}{\376\377\000A\000D\000R\000-\0000\0001\0003\000\040\040\024\000\040\000L\000e\000a\000r\000n\000i\000n\000g\000\040\000F\000l\000o\000w\000:\000\040\000D\000a\000y\000\040\000P\000r\000o\000g\000r\000e\000s\000s\000i\000o\000n\000,\000\040\000S\000t\000r\000u\000g\000g\000l\000e\000\040\000D\000e\000t\000e\000c\000t\000i\000o\000n\000,\000\040\000C\000a\000c\000h\000i\000n\000g}{appendix.B}% 127
\BOOKMARK [1][-]{section.B.15}{\376\377\000A\000D\000R\000-\0000\0001\0004\000\040\040\024\000\040\000P\000e\000e\000r\000\040\000R\000e\000v\000i\000e\000w\000:\000\040\000C\000o\000s\000t\000-\000F\000r\000e\000e\000\040\000A\000s\000s\000e\000s\000s\000m\000e\000n\000t\000\040\000T\000h\000r\000o\000u\000g\000h\000\040\000C\000o\000l\000l\000e\000c\000t\000i\000v\000e\000\040\000C\000o\000r\000r\000e\000c\000t\000i\000o\000n}{appendix.B}% 128
\BOOKMARK [1][-]{section.B.16}{\376\377\000A\000D\000R\000-\0000\0001\0005\000\040\040\024\000\040\000O\000b\000s\000e\000r\000v\000a\000b\000i\000l\000i\000t\000y\000\040\000S\000t\000r\000a\000t\000e\000g\000y\000:\000\040\000C\000u\000s\000t\000o\000m\000\040\000M\000e\000t\000r\000i\000c\000s\000,\000\040\000P\000r\000o\000m\000e\000t\000h\000e\000u\000s\000,\000\040\000G\000r\000a\000f\000a\000n\000a}{appendix.B}% 129
\BOOKMARK [1][-]{section.B.17}{\376\377\000A\000D\000R\000-\0000\0001\0006\000\040\040\024\000\040\000A\000u\000t\000h\000e\000n\000t\000i\000c\000a\000t\000i\000o\000n\000\040\000H\000a\000r\000d\000e\000n\000i\000n\000g\000:\000\040\000S\000e\000c\000u\000r\000i\000t\000y\000\040\000A\000u\000d\000i\000t\000\040\000a\000n\000d\000\040\000R\000e\000m\000e\000d\000i\000a\000t\000i\000o\000n}{appendix.B}% 130
