\BOOKMARK [0][-]{chapter*.5}{\376\377\000\315\000n\000d\000i\000c\000e}{}% 1
\BOOKMARK [0][-]{chapter*.6}{\376\377\000L\000i\000s\000t\000a\000\040\000d\000e\000\040\000F\000i\000g\000u\000r\000a\000s}{}% 2
\BOOKMARK [0][-]{chapter*.7}{\376\377\000L\000i\000s\000t\000a\000\040\000d\000e\000\040\000T\000a\000b\000e\000l\000a\000s}{}% 3
\BOOKMARK [0][-]{chapter.1}{\376\377\000I\000n\000t\000r\000o\000d\000u\000\347\000\343\000o}{}% 4
\BOOKMARK [1][-]{section.1.1}{\376\377\000C\000o\000n\000t\000e\000x\000t\000o\000\040\000e\000\040\000M\000o\000t\000i\000v\000a\000\347\000\343\000o}{chapter.1}% 5
\BOOKMARK [1][-]{section.1.2}{\376\377\000P\000r\000o\000b\000l\000e\000m\000a}{chapter.1}% 6
\BOOKMARK [1][-]{section.1.3}{\376\377\000O\000b\000j\000e\000t\000i\000v\000o\000s}{chapter.1}% 7
\BOOKMARK [1][-]{section.1.4}{\376\377\000C\000o\000n\000t\000r\000i\000b\000u\000i\000\347\000\365\000e\000s}{chapter.1}% 8
\BOOKMARK [1][-]{section.1.5}{\376\377\000E\000s\000t\000r\000u\000t\000u\000r\000a\000\040\000d\000o\000\040\000D\000o\000c\000u\000m\000e\000n\000t\000o}{chapter.1}% 9
\BOOKMARK [0][-]{chapter.2}{\376\377\000E\000n\000q\000u\000a\000d\000r\000a\000m\000e\000n\000t\000o\000\040\000e\000\040\000E\000s\000t\000a\000d\000o\000\040\000d\000a\000\040\000A\000r\000t\000e}{}% 10
\BOOKMARK [1][-]{section.2.1}{\376\377\000C\000i\000d\000a\000d\000e\000s\000\040\000I\000n\000t\000e\000l\000i\000g\000e\000n\000t\000e\000s\000\040\000e\000\040\000S\000u\000s\000t\000e\000n\000t\000a\000b\000i\000l\000i\000d\000a\000d\000e}{chapter.2}% 11
\BOOKMARK [1][-]{section.2.2}{\376\377\000A\000p\000r\000e\000n\000d\000i\000z\000a\000g\000e\000m\000\040\000A\000d\000a\000p\000t\000a\000t\000i\000v\000a}{chapter.2}% 12
\BOOKMARK [1][-]{section.2.3}{\376\377\000G\000a\000m\000i\000f\000i\000c\000a\000\347\000\343\000o\000\040\000n\000a\000\040\000E\000d\000u\000c\000a\000\347\000\343\000o}{chapter.2}% 13
\BOOKMARK [1][-]{section.2.4}{\376\377\000M\000i\000c\000r\000o\000c\000o\000m\000p\000e\000t\000\352\000n\000c\000i\000a\000s}{chapter.2}% 14
\BOOKMARK [1][-]{section.2.5}{\376\377\000E\000s\000t\000a\000d\000o\000\040\000d\000a\000\040\000A\000r\000t\000e}{chapter.2}% 15
\BOOKMARK [2][-]{subsection.2.5.1}{\376\377\000A\000n\000\341\000l\000i\000s\000e\000\040\000C\000o\000m\000p\000a\000r\000a\000t\000i\000v\000a}{section.2.5}% 16
\BOOKMARK [0][-]{chapter.3}{\376\377\000S\000o\000l\000u\000\347\000\343\000o\000\040\000P\000r\000o\000p\000o\000s\000t\000a}{}% 17
\BOOKMARK [1][-]{section.3.1}{\376\377\000R\000e\000q\000u\000i\000s\000i\000t\000o\000s\000\040\000d\000o\000\040\000S\000i\000s\000t\000e\000m\000a}{chapter.3}% 18
\BOOKMARK [2][-]{subsection.3.1.1}{\376\377\000A\000t\000o\000r\000e\000s\000\040\000e\000\040\000C\000a\000s\000o\000s\000\040\000d\000e\000\040\000U\000s\000o}{section.3.1}% 19
\BOOKMARK [2][-]{subsection.3.1.2}{\376\377\000R\000e\000q\000u\000i\000s\000i\000t\000o\000s\000\040\000F\000u\000n\000c\000i\000o\000n\000a\000i\000s}{section.3.1}% 20
\BOOKMARK [2][-]{subsection.3.1.3}{\376\377\000R\000e\000q\000u\000i\000s\000i\000t\000o\000s\000\040\000N\000\343\000o\000\040\000F\000u\000n\000c\000i\000o\000n\000a\000i\000s}{section.3.1}% 21
\BOOKMARK [1][-]{section.3.2}{\376\377\000V\000i\000s\000\343\000o\000\040\000G\000e\000r\000a\000l}{chapter.3}% 22
\BOOKMARK [1][-]{section.3.3}{\376\377\000C\000l\000i\000e\000n\000t\000e\000\040\000M\000\363\000v\000e\000l}{chapter.3}% 23
\BOOKMARK [1][-]{section.3.4}{\376\377\000C\000l\000i\000e\000n\000t\000e\000\040\000W\000e\000b}{chapter.3}% 24
\BOOKMARK [1][-]{section.3.5}{\376\377\000S\000e\000r\000v\000i\000d\000o\000r}{chapter.3}% 25
\BOOKMARK [1][-]{section.3.6}{\376\377\000A\000g\000e\000n\000t\000e\000\040\000d\000e\000\040\000I\000n\000t\000e\000l\000i\000g\000\352\000n\000c\000i\000a\000\040\000A\000r\000t\000i\000f\000i\000c\000i\000a\000l}{chapter.3}% 26
\BOOKMARK [2][-]{subsection.3.6.1}{\376\377\000G\000e\000r\000a\000\347\000\343\000o\000\040\000d\000e\000\040\000C\000o\000n\000t\000e\000\372\000d\000o}{section.3.6}% 27
\BOOKMARK [2][-]{subsection.3.6.2}{\376\377\000D\000e\000t\000e\000\347\000\343\000o\000\040\000d\000e\000\040\000D\000i\000f\000i\000c\000u\000l\000d\000a\000d\000e\000s\000\040\000e\000\040\000A\000d\000a\000p\000t\000a\000\347\000\343\000o}{section.3.6}% 28
\BOOKMARK [2][-]{subsection.3.6.3}{\376\377\000R\000e\000u\000t\000i\000l\000i\000z\000a\000\347\000\343\000o\000\040\000d\000e\000\040\000P\000e\000r\000c\000u\000r\000s\000o\000s\000\040\000A\000d\000a\000p\000t\000a\000t\000i\000v\000o\000s}{section.3.6}% 29
\BOOKMARK [1][-]{section.3.7}{\376\377\000M\000o\000d\000e\000l\000o\000\040\000d\000e\000\040\000D\000a\000d\000o\000s}{chapter.3}% 30
\BOOKMARK [1][-]{section.3.8}{\376\377\000T\000\363\000p\000i\000c\000o\000s\000\040\000e\000\040\000S\000i\000s\000t\000e\000m\000a\000\040\000d\000e\000\040\000B\000a\000d\000g\000e\000s}{chapter.3}% 31
\BOOKMARK [1][-]{section.3.9}{\376\377\000F\000l\000u\000x\000o\000\040\000d\000e\000\040\000A\000d\000a\000p\000t\000a\000\347\000\343\000o}{chapter.3}% 32
\BOOKMARK [0][-]{chapter.4}{\376\377\000I\000m\000p\000l\000e\000m\000e\000n\000t\000a\000\347\000\343\000o}{}% 33
\BOOKMARK [1][-]{section.4.1}{\376\377\000P\000r\000i\000n\000c\000\355\000p\000i\000o\000s\000\040\000d\000e\000\040\000I\000m\000p\000l\000e\000m\000e\000n\000t\000a\000\347\000\343\000o}{chapter.4}% 34
\BOOKMARK [1][-]{section.4.2}{\376\377\000S\000t\000a\000c\000k\000\040\000T\000e\000c\000n\000o\000l\000\363\000g\000i\000c\000o}{chapter.4}% 35
\BOOKMARK [1][-]{section.4.3}{\376\377\000I\000m\000p\000l\000e\000m\000e\000n\000t\000a\000\347\000\343\000o\000\040\000d\000o\000\040\000C\000l\000i\000e\000n\000t\000e\000\040\000M\000\363\000v\000e\000l}{chapter.4}% 36
\BOOKMARK [1][-]{section.4.4}{\376\377\000I\000m\000p\000l\000e\000m\000e\000n\000t\000a\000\347\000\343\000o\000\040\000d\000o\000\040\000C\000l\000i\000e\000n\000t\000e\000\040\000W\000e\000b}{chapter.4}% 37
\BOOKMARK [1][-]{section.4.5}{\376\377\000E\000s\000t\000r\000u\000t\000u\000r\000a\000\040\000M\000o\000d\000u\000l\000a\000r\000\040\000d\000o\000\040\000S\000e\000r\000v\000i\000d\000o\000r}{chapter.4}% 38
\BOOKMARK [1][-]{section.4.6}{\376\377\000D\000e\000s\000e\000n\000h\000o\000\040\000d\000a\000\040\000A\000P\000I\000\040\000R\000E\000S\000T}{chapter.4}% 39
\BOOKMARK [1][-]{section.4.7}{\376\377\000A\000g\000e\000n\000t\000e\000\040\000d\000e\000\040\000I\000A\000:\000\040\000I\000m\000p\000l\000e\000m\000e\000n\000t\000a\000\347\000\343\000o}{chapter.4}% 40
\BOOKMARK [1][-]{section.4.8}{\376\377\000O\000b\000s\000e\000r\000v\000a\000b\000i\000l\000i\000d\000a\000d\000e}{chapter.4}% 41
\BOOKMARK [1][-]{section.4.9}{\376\377\000S\000e\000g\000u\000r\000a\000n\000\347\000a}{chapter.4}% 42
\BOOKMARK [1][-]{section.4.10}{\376\377\000D\000i\000a\000g\000r\000a\000m\000a\000\040\000d\000e\000\040\000I\000m\000p\000l\000a\000n\000t\000a\000\347\000\343\000o}{chapter.4}% 43
\BOOKMARK [0][-]{chapter.5}{\376\377\000A\000v\000a\000l\000i\000a\000\347\000\343\000o}{}% 44
\BOOKMARK [1][-]{section.5.1}{\376\377\000M\000e\000t\000o\000d\000o\000l\000o\000g\000i\000a\000\040\000d\000e\000\040\000A\000v\000a\000l\000i\000a\000\347\000\343\000o}{chapter.5}% 45
\BOOKMARK [2][-]{subsection.5.1.1}{\376\377\000T\000e\000s\000t\000e\000s\000\040\000A\000u\000t\000o\000m\000a\000t\000i\000z\000a\000d\000o\000s}{section.5.1}% 46
\BOOKMARK [2][-]{subsection.5.1.2}{\376\377\000A\000v\000a\000l\000i\000a\000\347\000\343\000o\000\040\000c\000o\000m\000\040\000U\000t\000i\000l\000i\000z\000a\000d\000o\000r\000e\000s}{section.5.1}% 47
\BOOKMARK [1][-]{section.5.2}{\376\377\000R\000e\000s\000u\000l\000t\000a\000d\000o\000s}{chapter.5}% 48
\BOOKMARK [2][-]{subsection.5.2.1}{\376\377\000D\000e\000s\000e\000m\000p\000e\000n\000h\000o\000\040\000d\000o\000\040\000S\000i\000s\000t\000e\000m\000a}{section.5.2}% 49
\BOOKMARK [2][-]{subsection.5.2.2}{\376\377\000U\000s\000a\000b\000i\000l\000i\000d\000a\000d\000e}{section.5.2}% 50
\BOOKMARK [2][-]{subsection.5.2.3}{\376\377\000E\000f\000i\000c\000\341\000c\000i\000a\000\040\000d\000o\000\040\000M\000e\000c\000a\000n\000i\000s\000m\000o\000\040\000A\000d\000a\000p\000t\000a\000t\000i\000v\000o}{section.5.2}% 51
\BOOKMARK [1][-]{section.5.3}{\376\377\000D\000i\000s\000c\000u\000s\000s\000\343\000o}{chapter.5}% 52
\BOOKMARK [0][-]{chapter.6}{\376\377\000C\000o\000n\000c\000l\000u\000s\000\365\000e\000s\000\040\000e\000\040\000T\000r\000a\000b\000a\000l\000h\000o\000\040\000F\000u\000t\000u\000r\000o}{}% 53
\BOOKMARK [1][-]{section.6.1}{\376\377\000S\000\355\000n\000t\000e\000s\000e}{chapter.6}% 54
\BOOKMARK [1][-]{section.6.2}{\376\377\000C\000o\000n\000t\000r\000i\000b\000u\000i\000\347\000\365\000e\000s}{chapter.6}% 55
\BOOKMARK [1][-]{section.6.3}{\376\377\000L\000i\000m\000i\000t\000a\000\347\000\365\000e\000s}{chapter.6}% 56
\BOOKMARK [1][-]{section.6.4}{\376\377\000T\000r\000a\000b\000a\000l\000h\000o\000\040\000F\000u\000t\000u\000r\000o}{chapter.6}% 57
\BOOKMARK [0][-]{chapter*.28}{\376\377\000R\000e\000f\000e\000r\000\352\000n\000c\000i\000a\000s}{}% 58
